358.6104202270508
358.6104202270508
358.61264419555664
358.7996139526367
358.7996139526367
358.8931083679199
359.07372665405273
0.07763128262013197
0.07759675662964582
0.07758909650146961
0.07759606372565031
0.07760303653776646
0.07759606372565031
0.07760652247816324
0.07759954407811165
0.07759954407811165
0.0776100056245923
0.0776100056245923
0.07759258151054382
0.07759606372565031
0.07761349808424711
0.07761349808424711
0.07761698495596647
0.07761698495596647
0.07763094920665026
0.07763094920665026
0.07761698495596647
0.07760898023843765
0.07759715057909489
0.07759715057909489
0.0775898452848196
0.07758219819515944
0.07757768500596285
0.07758463732898235
0.07759159058332443
0.07758811581879854
0.07758811581879854
0.07758811581879854
0.07758463732898235
0.07758463732898235
0.07759506907314062
0.07758811581879854
0.07758811581879854
0.07759506907314062
0.07760202884674072
0.07760202884674072
0.07761473767459393
0.07761473767459393
0.07761228550225496
0.07760880328714848
0.07760880328714848
0.07761228550225496
0.07762604486197233
0.07763057202100754
0.07762359268963337
0.07761417049914598
0.07763160765171051
0.07768800109624863
0.07768677081912756
0.07769360858947039
0.07769711874425411
0.07769360858947039
0.07770625501871109
0.07771768420934677
0.07771416567265987
0.0777036165818572
0.0776685168966651
0.07767202612012625
0.07766816765069962
0.07767062168568373
0.07766361068934202
0.0776601079851389
0.0776601079851389
0.0776601079851389
0.07763770688325167
0.07763351034373045
0.07763351034373045
0.07765800878405571
0.07766501512378454
0.0776510052382946
0.0776510052382946
0.07765450794249773
0.07765450794249773
0.07765450794249773
0.0776510052382946
0.07765556871891022
0.07765556871891022
0.07766115199774504
0.07767374906688929
0.07768846675753593
0.07768846675753593
0.07768829260021448
0.07768478244543076
0.07769882772117853
0.07770339492708445
0.07770339492708445
0.07770199049264193
0.07768091559410095
0.07768442668020725
0.07766687963157892
0.07767389714717865
0.07766337506473064
0.07766687963157892
0.07766687963157892
0.07770551182329655
0.07770199049264193
0.07770199049264193
0.07770551182329655
0.07769145257771015
0.07769145257771015
0.07770199049264193
0.07769496366381645
0.07770656421780586
0.07771008554846048
0.07771008554846048
0.07771008554846048
0.07769601885229349
0.07769953086972237
0.07769953086972237
0.07769601885229349
0.07769601885229349
0.07769601885229349
0.07781897485256195
0.07781817764043808
0.07781431078910828
0.07781431078910828
0.07780368160456419
0.07780368160456419
0.07777959015220404
0.077783128246665
0.07777252327650785
0.07777252327650785
0.07776509784162045
0.07776509784162045
0.07776863500475883
0.07776863500475883
0.07775768358260393
0.07775768358260393
0.07775768358260393
0.07777534518390894
0.07775768358260393
0.07774180080741644
0.07774532586336136
0.07774532586336136
0.07773827109485865
0.07775943726301193
0.07775943726301193
0.07776650041341782
0.07775591034442186
0.07774180080741644
0.07774532586336136
0.07774180080741644
0.07774180080741644
0.07773051783442497
0.07773051783442497
0.07773874420672655
0.07774082291871309
0.07775595597922802
0.07774539664387703
0.07774539664387703
0.07774539664387703
0.07774539664387703
0.07774187345057726
0.07774539664387703
0.07775824423879385
0.0777720008045435
0.0777765903621912
0.07777994964271784
0.07776813395321369
0.07776813395321369
0.07775050308555365
0.07772937510162592
0.0777145978063345
0.07774627301841974
0.0777392266318202
0.07772514969110489
0.07771811541169882
0.07771776523441076
0.07771776523441076
0.07771389465779066
0.07769913785159588
0.07767150364816189
0.07768059242516756
0.07766726613044739
0.07769530080258846
0.07769530080258846
0.07769530080258846
0.07768127601593733
0.07767427060753107
0.07764207851141691
0.07762252166867256
0.07762601040303707
0.07764696981757879
0.07764696981757879
0.07764347456395626
0.07765746023505926
0.07766095642000437
0.07766095642000437
0.07766095642000437
0.07766095642000437
0.07766095642000437
0.07765746023505926
0.07765746023505926
0.07765746023505926
0.07766095642000437
0.0776504660025239
0.0776504660025239
0.07763649057596922
0.07763299252837896
0.07763299252837896
0.07761519774794579
0.07761519774794579
0.07759406324476004
0.07759406324476004
0.07759387325495481
0.0775900399312377
0.07759352400898933
0.07757473271340132
0.07756743300706148
0.07756361272186041
0.07756361272186041
0.07756708562374115
0.07756708562374115
0.07754417601972818
0.07754417601972818
0.07754036411643028
0.07755423989146948
0.07755423989146948
0.07755077350884676
0.07754382956773043
0.07753689307719469
0.07754036411643028
0.07754036411643028
0.07754730246961117
0.07754730246961117
0.07753689307719469
0.07753689307719469
0.07754036411643028
0.07752511836588383
0.07752131205052137
0.07752131205052137
0.07752131205052137
0.07751784939318895
0.07753170561045408
0.07748144585639238
0.07747764326632023
0.07748455740511417
0.07748557068407536
0.07749350927770138
0.0774957500398159
0.07749452814459801
0.07748069521039724
0.07746618892997503
0.07747310027480125
0.07746273837983608
0.0774589441716671
0.07745860703289509
0.07745860703289509
0.07744757365435362
0.07744757365435362
0.07745413109660149
0.07745413109660149
0.07745757699012756
0.07745757699012756
0.07746448554098606
0.07746103033423424
0.07746448554098606
0.07746448554098606
0.07747829426079988
0.07747829426079988
0.07747829426079988
0.07748174946755171
0.07748174946755171
0.07748520653694868
0.07747829426079988
0.07748174946755171
0.07748174946755171
0.07748520653694868
0.07747592218220234
0.07747592218220234
0.0774712497368455
0.0774712497368455
0.07747470587491989
0.07746365386992693
0.07746466808021069
0.07746121194213629
0.07745776046067476
0.07745741587132215
0.0774536207318306
0.07743121962994337
0.07742364890873432
0.07742330897599459
0.07740062940865755
0.07740062940865755
0.07740062940865755
0.07742127776145935
0.07742127776145935
0.07741439249366522
0.07740406785160303
0.07740750443190336
0.07740750443190336
0.07738963980227709
0.0773434629663825
0.07734688371419907
0.07734688371419907
0.07734688371419907
0.07736058812588453
0.07736058812588453
0.07736058812588453
0.07736058812588453
0.07736401446163654
0.07735716179013252
0.07735716179013252
0.07733661774545908
0.07721737958490849
0.07724137417972088
0.07723797205835581
0.07722777780145407
0.07723797205835581
0.07725013978779316
0.07724552787840366
0.07724552787840366
0.07721833325922489
321.0982437133789
321.40557861328125
321.7148017883301
321.6266212463379
321.5370979309082
321.44495010375977
321.5370979309082
322.0253791809082
324.33287811279297
324.4175834655762
324.5845489501953
324.5845489501953
324.5845489501953
324.5845489501953
324.6693115234375
324.5845489501953
324.6693115234375
324.6684761047363
324.68216705322266
324.68216705322266
324.8501510620117
324.7655029296875
324.8501510620117
324.7655029296875
324.6808166503906
324.6808166503906
324.6808166503906
324.427791595459
324.427791595459
324.427791595459
324.427791595459
324.3441467285156
324.2600326538086
324.1754264831543
324.2600326538086
324.1754264831543
324.1759452819824
323.9232597351074
323.9844970703125
324.06933975219727
323.8996772766113
323.8996772766113
324.06933975219727
324.15415954589844
324.15415954589844
324.06933975219727
324.15415954589844
324.15415954589844
324.2374687194824
324.2374687194824
324.3223457336426
324.4905662536621
324.40571212768555
324.40571212768555
324.4905662536621
324.4905662536621
324.65893936157227
324.48914337158203
324.5740547180176
324.4121856689453
324.41157150268555
324.41197967529297
324.32757568359375
324.32757568359375
324.2427444458008
324.0740051269531
324.0740051269531
324.1588134765625
324.0740051269531
323.9896812438965
323.9906921386719
324.075496673584
324.075496673584
323.9906921386719
324.075496673584
323.9906921386719
323.9906921386719
323.9906921386719
324.1602897644043
324.0544319152832
324.0537414550781
323.88475799560547
323.97028732299805
323.97028732299805
324.2246284484863
324.22393798828125
324.1389045715332
324.1389045715332
324.30899810791016
324.30899810791016
324.30899810791016
324.22393798828125
324.1389045715332
324.30899810791016
324.22393798828125
324.0539016723633
324.0250053405762
324.0250053405762
323.9404106140137
323.85583877563477
323.7707862854004
323.7713050842285
323.6862487792969
323.6862487792969
323.6017646789551
323.43282318115234
323.34840393066406
323.1796340942383
323.26459884643555
323.3495979309082
323.3495979309082
323.43457412719727
323.43457412719727
323.6045951843262
323.6045951843262
323.6045951843262
323.68960189819336
323.6045951843262
323.6069030761719
323.5216865539551
323.3540916442871
323.5244789123535
323.52365493774414
323.6088676452637
323.6088676452637
323.6088676452637
323.6088676452637
323.6088676452637
323.694091796875
323.6088676452637
323.6088676452637
323.6088676452637
323.52365493774414
323.6088676452637
323.52365493774414
323.6088676452637
323.6088676452637
323.6088676452637
323.6088676452637
323.694091796875
323.6088676452637
324.0319023132324
324.00170135498047
324.1715545654297
324.1715545654297
323.91578674316406
323.91578674316406
323.7469253540039
323.6617202758789
323.66226959228516
323.49305725097656
323.49364471435547
323.664005279541
323.664005279541
323.664005279541
323.664005279541
323.57881927490234
323.664005279541
323.9196090698242
323.92712020874023
0.0
323.84033203125
323.67083740234375
323.5861473083496
323.75661849975586
323.6713676452637
323.75661849975586
323.75661849975586
323.75661849975586
323.75661849975586
323.6713676452637
323.75661849975586
323.6713676452637
323.5866813659668
323.5866813659668
323.4168014526367
323.38325119018555
323.4686164855957
323.38325119018555
323.4678268432617
323.5524215698242
323.3823051452637
323.3823051452637
323.29764556884766
323.21227264404297
323.38300704956055
323.38300704956055
323.29764556884766
323.38300704956055
323.29764556884766
323.38300704956055
323.29764556884766
323.29764556884766
323.21227264404297
323.29764556884766
323.17784881591797
323.26327896118164
323.17784881591797
323.09326171875
323.09326171875
323.09326171875
323.09326171875
322.9241638183594
322.92499923706055
322.8405227661133
322.8405227661133
322.8405227661133
322.67065048217773
322.67065048217773
322.67065048217773
322.5862121582031
322.5862121582031
322.67155838012695
322.67155838012695
322.67155838012695
322.67155838012695
322.6571159362793
322.82709884643555
322.91048431396484
323.08057403564453
322.9929008483887
322.82177352905273
322.82177352905273
322.73622131347656
322.6516914367676
322.90835189819336
322.9939308166504
322.9939308166504
323.0795211791992
323.1650810241699
323.1650810241699
323.25067138671875
323.3352394104004
323.4198226928711
323.4188117980957
323.9278259277344
323.8283042907715
323.6593132019043
323.9148139953613
323.9992027282715
324.1680030822754
324.1680030822754
324.16724395751953
324.25246810913086
324.16724395751953
324.3361625671387
324.3361625671387
324.2509422302246
324.1656837463379
324.3361625671387
324.3361625671387
324.2547149658203
0.0
0.0
0.0
324.42312240600586
324.42312240600586
324.50819396972656
324.42312240600586
324.36127853393555
324.4463424682617
324.2766304016113
324.2766304016113
324.2766304016113
324.2770538330078
324.36208724975586
324.4465446472168
324.2764091491699
324.2764091491699
324.19136810302734
324.19223403930664
324.19223403930664
324.19223403930664
324.10718536376953
324.19223403930664
324.10718536376953
324.10718536376953
324.0221633911133
323.8530578613281
323.76852798461914
323.85352325439453
323.76852798461914
323.8540153503418
323.87508392333984
323.87508392333984
323.87508392333984
323.9595375061035
323.7045783996582
323.78975677490234
323.78975677490234
323.9601287841797
323.8749237060547
323.8749237060547
323.9601287841797
323.9601287841797
324.1283378601074
324.21355056762695
324.1283378601074
324.1283378601074
324.1283378601074
324.1283378601074
324.21355056762695
324.21355056762695
323.9578857421875
324.04310607910156
324.04310607910156
323.8726806640625
323.8601379394531
323.77609634399414
323.77609634399414
323.69089126586914
323.69089126586914
323.69089126586914
323.8612937927246
323.77609634399414
323.8612937927246
323.8612937927246
323.8612937927246
323.8612937927246
323.8612937927246
323.8612937927246
323.9465026855469
323.94577407836914
323.94577407836914
323.94577407836914
323.86055755615234
323.94577407836914
323.94577407836914
323.86055755615234
323.86055755615234
324.1881408691406
324.1028480529785
323.93284606933594
323.9333724975586
323.84812927246094
323.84812927246094
323.9333724975586
324.0186347961426
324.0186347961426
324.0186347961426
324.0186347961426
324.0186347961426
324.0186347961426
323.9333724975586
323.93236923217773
324.0169563293457
323.9316520690918
323.84632873535156
323.7621841430664
323.67689514160156
323.67749786376953
323.592227935791
323.592227935791
323.67749786376953
323.933349609375
323.8480644226074
323.933349609375
324.1922721862793
324.2567710876465
324.17150115966797
324.2567710876465
324.4254722595215
324.2548713684082
308.7017364501953
308.57433700561523
308.8360252380371
309.11766052246094
309.30187225341797
307.67419815063477
307.5835189819336
307.67419815063477
307.7648582458496
307.8555107116699
307.94615936279297
307.94615936279297
307.8555107116699
307.67419815063477
307.4928283691406
307.40216064453125
307.4928283691406
307.67419815063477
307.8555107116699
307.94615936279297
307.9757080078125
307.7914123535156
307.60415267944336
307.69480895996094
307.6012077331543
307.41394424438477
307.41394424438477
307.41394424438477
307.41394424438477
307.5952796936035
307.41394424438477
307.2296829223633
307.2296829223633
307.1331596374512
307.0395698547363
307.0366630554199
306.9459800720215
306.9459800720215
307.0366630554199
306.8553161621094
306.78954696655273
306.8855514526367
306.70092391967773
306.70092391967773
306.60997009277344
307.44107818603516
307.5345649719238
307.35533905029297
307.35533905029297
307.264404296875
307.0825424194336
306.99158477783203
306.71868896484375
306.6276969909668
306.4373588562012
306.0651397705078
306.3380889892578
306.6046371459961
306.5952796936035
306.50422286987305
306.2283401489258
306.2256736755371
306.5898971557617
306.4078063964844
306.4988479614258
306.6834526062012
306.87049865722656
0.0
0.0
0.0
0.0
0.0
0.0
0.0
0.0
0.0
0.0
0.0
0.0
0.0
0.0
0.0
0.0
0.0
0.0
0.0
0.0
0.0
0.0
0.0
0.0
0.0
0.0
0.0
0.0
0.0
0.0
0.0
0.0
0.0
0.0
0.0
0.0
0.0
0.0
0.0
0.0
0.0
0.0
0.0
0.0
0.0
0.0
0.0
0.0
0.0
0.0
0.0
0.0
0.0
0.0
0.0
0.0
0.0
0.0
0.0
0.0
0.0
0.0
0.0
0.0
0.0
0.0
0.0
0.0
0.0
0.0
0.0
0.0
0.0
0.0
0.0
0.0
0.0
0.0
0.0
0.0
0.0
0.0
0.0
0.0
0.0
0.0
0.0
0.0
0.0
0.0
0.0
0.0
0.0
0.0
0.0
0.0
0.0
0.0
0.0
0.0
0.0
0.0
0.0
0.0
0.0
0.0
0.0
0.0
0.0
0.0
0.0
0.0
0.0
0.0
0.0
0.0
0.0
0.0
0.0
0.0
0.0
0.0
0.0
0.0
0.0
0.0
0.0
0.0
0.0
0.0
0.0
0.0
0.0
0.0
0.0
0.0
0.0
0.0
0.0
0.0
0.0
0.0
0.0
0.0
0.0
0.0
0.0
0.0
0.0
0.0
0.0
306.17216873168945
311.168758392334
311.168758392334
311.07798767089844
311.168758392334
311.168758392334
311.168758392334
311.1722755432129
311.1722755432129
310.98035430908203
310.9775199890137
310.9775199890137
310.793155670166
310.7903251647949
310.7903251647949
310.7903251647949
310.881103515625
311.0625915527344
310.881103515625
310.881103515625
310.7903251647949
310.7903251647949
310.6967353820801
310.6967353820801
310.6059341430664
310.6967353820801
310.51233673095703
310.6031265258789
310.6031265258789
310.6031265258789
310.6939353942871
310.51233673095703
310.6031265258789
310.51233673095703
310.51233673095703
310.6031265258789
310.4924507141113
310.48779678344727
310.3941078186035
310.3031349182129
310.4850769042969
310.3941078186035
310.3941078186035
310.3941078186035
310.3031349182129
310.3941078186035
310.3031349182129
310.112979888916
310.01929092407227
309.9282760620117
309.8345642089844
309.7382049560547
310.01123428344727
310.1022186279297
309.9202308654785
310.1931686401367
310.2841377258301
310.1931686401367
310.1931686401367
310.2841377258301
310.27267837524414
309.90310287475586
309.90310287475586
309.90310287475586
309.90047454833984
310.0825500488281
310.1735649108887
309.90047454833984
309.90047454833984
309.9915237426758
309.9915237426758
310.0825500488281
310.0825500488281
310.0825500488281
309.90047454833984
309.8094291687012
309.71570205688477
309.71570205688477
309.6194076538086
309.9836120605469
309.9836120605469
309.9836120605469
309.9836120605469
310.2566223144531
310.2566223144531
310.1656150817871
310.44532775878906
310.35765075683594
310.26126861572266
310.26126861572266
310.3522720336914
310.3522720336914
310.1702766418457
310.1675910949707
310.3495979309082
310.3495979309082
310.2585906982422
309.7955093383789
309.7955093383789
309.7955093383789
309.7955093383789
309.8865623474121
309.7018127441406
309.79288482666016
309.79288482666016
310.0659523010254
309.88391494750977
309.79288482666016
309.9749565124512
309.9749565124512
309.88391494750977
309.88391494750977
309.88391494750977
309.88391494750977
309.88391494750977
309.9749565124512
309.96533584594727
310.0564956665039
309.87156677246094
309.87156677246094
309.87156677246094
309.7777976989746
309.77518463134766
309.77518463134766
309.6840286254883
309.6840286254883
309.77518463134766
309.77518463134766
309.5902671813965
309.4027328491211
309.4001579284668
309.4913558959961
309.4913558959961
309.4913558959961
309.4913558959961
309.4913558959961
309.58252334594727
309.58252334594727
309.58252334594727
309.4913558959961
309.58252334594727
309.58252334594727
309.4913558959961
309.86379623413086
309.9463691711426
309.9463691711426
309.7671775817871
309.7671775817871
309.7671775817871
309.8584632873535
310.0409507751465
310.0409507751465
310.0409507751465
309.8584632873535
309.7671775817871
309.8584632873535
309.6758804321289
309.6758804321289
309.6758804321289
309.6758804321289
309.5845718383789
309.5845718383789
309.3968505859375
309.57946395874023
309.48816299438477
309.57946395874023
309.57946395874023
309.48816299438477
309.48816299438477
309.48816299438477
309.6952819824219
309.6901626586914
309.5988655090332
309.6901626586914
309.5988655090332
309.5988655090332
309.5988655090332
309.5988655090332
309.5988655090332
309.5988655090332
309.50756072998047
309.5988655090332
309.22599029541016
309.31734466552734
309.4999580383301
309.4999580383301
309.4999580383301
309.591251373291
309.4999580383301
309.40865325927734
309.4999580383301
309.40865325927734
309.4999580383301
309.40865325927734
309.4999580383301
309.40865325927734
309.4185447692871
309.40989685058594
309.40989685058594
309.5012855529785
309.6906623840332
310.91635513305664
310.82715606689453
310.9679412841797
311.1543083190918
310.9755859375
311.1543083190918
311.2474937438965
310.97601318359375
310.97601318359375
311.06539154052734
310.97601318359375
310.8866500854492
310.8866500854492
310.7972183227539
310.7044258117676
310.7044258117676
310.7044258117676
310.7938575744629
310.7938575744629
310.7044258117676
310.7044258117676
310.51881408691406
310.4260444641113
310.51548767089844
310.60490798950195
310.60490798950195
310.51548767089844
310.51548767089844
310.51548767089844
310.3766632080078
310.3803939819336
310.7495880126953
310.48486328125
310.66387939453125
310.66387939453125
310.66387939453125
310.66387939453125
310.75335693359375
310.75335693359375
310.75335693359375
310.842830657959
310.66387939453125
310.48486328125
310.5743751525879
310.48486328125
310.5743751525879
310.5743751525879
310.5743751525879
310.48486328125
310.39532470703125
310.48486328125
310.39532470703125
310.30247497558594
310.2063980102539
310.11682510375977
310.2063980102539
310.2063980102539
310.0856285095215
310.0856285095215
309.99645233154297
310.0829429626465
310.0829429626465
310.3592414855957
310.3629455566406
310.45257568359375
310.3629455566406
310.45257568359375
310.45257568359375
310.54591369628906
310.6429634094238
310.6429634094238
310.6429634094238
310.6429634094238
310.6429634094238
310.7325439453125
310.6429634094238
310.6429634094238
310.6429634094238
310.8258743286133
310.8258743286133
310.7363052368164
310.8258743286133
310.8258743286133
310.8258743286133
310.8258743286133
310.57132720947266
310.57132720947266
310.4785690307617
310.4785690307617
310.475284576416
310.2930450439453
310.2930450439453
310.3825492858887
310.4720230102539
310.5614700317383
310.4720230102539
310.2930450439453
310.2930450439453
310.0147895812988
310.19380950927734
310.19380950927734
310.10432052612305
310.2833023071289
310.19380950927734
310.0147895812988
310.0147895812988
310.2833023071289
310.19380950927734
310.19380950927734
310.0147895812988
310.10432052612305
310.10432052612305
310.10432052612305
310.10432052612305
309.87303924560547
309.5976371765137
309.59136962890625
309.8604393005371
310.0470504760742
310.1440086364746
310.1440086364746
310.1440086364746
310.1440086364746
310.23363494873047
310.23363494873047
310.1440086364746
310.23363494873047
310.5098648071289
310.4202651977539
310.2409858703613
310.33063888549805
310.2409858703613
310.2409858703613
310.4202651977539
310.4202651977539
310.33063888549805
310.33063888549805
310.4202651977539
310.5098648071289
310.4202651977539
310.4202651977539
310.33063888549805
310.1651840209961
310.17072677612305
310.17072677612305
310.17072677612305
309.8922119140625
309.9818687438965
309.9818687438965
309.9818687438965
309.79935455322266
309.703369140625
309.703369140625
309.703369140625
309.703369140625
309.7930564880371
309.7930564880371
309.88269424438477
309.97235107421875
309.97235107421875
309.97235107421875
309.88269424438477
309.97235107421875
309.7930564880371
309.703369140625
309.88269424438477
309.88269424438477
309.97235107421875
310.0619583129883
310.15156173706055
310.256290435791
310.0737495422363
310.07054138183594
310.3431854248047
310.4365119934082
310.346866607666
310.346866607666
310.16756439208984
310.2572326660156
310.16756439208984
310.16756439208984
310.4365119934082
310.5298271179199
310.44019317626953
310.35057830810547
310.35057830810547
310.35057830810547
310.26091384887695
310.08155059814453
309.80600357055664
309.80600357055664
309.9854545593262
309.89572525024414
309.89572525024414
309.9854545593262
309.89572525024414
309.89572525024414
309.858943939209
309.7696762084961
309.76651763916016
309.8562660217285
309.76651763916016
309.76651763916016
309.6736145019531
309.6736145019531
309.6736145019531
309.6736145019531
309.763370513916
309.85309982299805
309.85309982299805
309.763370513916
309.763370513916
309.58383560180664
309.58069229125977
309.58069229125977
309.58069229125977
309.6704750061035
309.6704750061035
309.58069229125977
309.6704750061035
309.6704750061035
309.58069229125977
309.58069229125977
309.58069229125977
309.84996032714844
309.94333267211914
309.8534164428711
309.94333267211914
309.94333267211914
309.8534164428711
310.03688049316406
310.3174743652344
310.50454330444336
310.50454330444336
310.4147148132324
310.50823974609375
310.6915817260742
310.6017837524414
310.6017837524414
310.7851028442383
310.7851028442383
310.6054916381836
310.6054916381836
310.6054916381836
310.6054916381836
310.6054916381836
310.5156440734863
310.42578506469727
310.5156440734863
310.6054916381836
310.5156440734863
310.54151916503906
310.59502029418945
310.4988212585449
310.4988212585449
310.40613174438477
310.6776428222656
310.6776428222656
310.6776428222656
310.6776428222656
310.77070236206055
310.8637466430664
310.8637466430664
310.95679473876953
310.7784309387207
310.7784309387207
310.867618560791
310.95679473876953
310.95679473876953
310.95679473876953
310.867618560791
310.95679473876953
310.6892204284668
310.6892204284668
310.60000228881836
310.60000228881836
310.60000228881836
310.60000228881836
310.59089279174805
310.49138259887695
310.5806541442871
310.5806541442871
310.86002349853516
310.6814956665039
310.59217071533203
310.50286865234375
310.4993667602539
310.4993667602539
310.4993667602539
310.4993667602539
310.4065589904785
310.2243843078613
310.12808990478516
310.03528213500977
309.9458694458008
310.03528213500977
310.03528213500977
309.9458694458008
309.9458694458008
310.03528213500977
309.85302734375
309.85302734375
309.7601890563965
309.7601890563965
309.7567939758301
0.0
309.2060966491699
309.2060966491699
309.2060966491699
309.2060966491699
309.3852310180664
309.2956733703613
309.2956733703613
309.2956733703613
309.2060966491699
309.2956733703613
309.2060966491699
309.2060966491699
309.2060966491699
309.2956733703613
309.2956733703613
309.2060966491699
309.11649322509766
309.2956733703613
309.2060966491699
309.2956733703613
309.4747772216797
309.4747772216797
309.5679931640625
309.7636909484863
309.78264236450195
309.6004180908203
309.5109634399414
309.5971221923828
309.5971221923828
309.5971221923828
309.5971221923828
309.5971221923828
309.5971221923828
309.6865425109863
309.6865425109863
309.6865425109863
309.7759780883789
309.7759780883789
309.6902885437012
309.6902885437012
309.779727935791
309.869140625
309.8766746520996
309.8766746520996
309.96609115600586
310.0554733276367
310.05926513671875
310.05926513671875
310.14864349365234
310.14864349365234
310.2418022155762
310.2418022155762
309.97364044189453
309.884220123291
310.2583694458008
310.4446487426758
310.4446487426758
310.44851303100586
310.44851303100586
310.3592185974121
310.3592185974121
310.634822845459
310.634822845459
310.91032791137695
311.0034713745117
310.91424560546875
310.8250198364258
310.73575592041016
310.64646911621094
310.64646911621094
310.64646911621094
310.64646911621094
310.64646911621094
310.64646911621094
310.467830657959
310.5571746826172
310.5571746826172
310.5571746826172
310.5571746826172
310.5571746826172
310.5571746826172
310.467830657959
310.467830657959
310.5571746826172
310.4753761291504
310.4753761291504
310.5684280395508
310.5684280395508
310.5684280395508
310.5684280395508
310.6614570617676
310.6614570617676
310.85143661499023
310.9405403137207
310.67316818237305
310.76232528686523
310.76232528686523
310.85143661499023
310.85143661499023
310.67316818237305
310.49482345581055
310.49482345581055
310.49482345581055
310.58399963378906
310.3128433227539
310.2200584411621
310.3093147277832
310.2200584411621
310.2200584411621
310.3093147277832
310.1273002624512
310.1237983703613
309.9417495727539
310.0310363769531
309.9417495727539
309.9382781982422
310.0275459289551
309.8961639404297
309.8961639404297
309.9930877685547
309.90377044677734
309.7149200439453
309.7149200439453
309.7149200439453
309.8042449951172
309.8042449951172
309.8042449951172
324.93170166015625
324.93170166015625
325.0029067993164
324.78904724121094
324.78904724121094
324.78904724121094
324.78904724121094
324.86043548583984
324.86043548583984
324.86043548583984
324.8570442199707
324.8570442199707
324.9340133666992
325.0166244506836
325.0166244506836
325.0877380371094
325.0877380371094
325.0877380371094
325.0166244506836
325.0877380371094
324.94541931152344
325.0166244506836
325.0166244506836
324.94541931152344
325.0166244506836
325.0166244506836
325.0166244506836
324.94541931152344
324.94541931152344
324.87414932250977
324.94541931152344
324.94541931152344
324.87414932250977
324.8726005554199
324.8726005554199
325.02076721191406
325.0265007019043
325.0975914001465
325.10330963134766
325.1743354797363
325.1743354797363
325.1743354797363
325.1800537109375
325.2510070800781
325.4040985107422
325.3333168029785
325.3333168029785
325.3333168029785
325.3333168029785
325.26244735717773
325.3333168029785
325.3333168029785
325.26244735717773
325.26244735717773
325.26244735717773
325.26244735717773
325.26244735717773
325.1096839904785
325.1096839904785
325.03863525390625
325.1096839904785
325.03863525390625
325.1096839904785
325.1096839904785
325.03863525390625
325.03863525390625
325.1096839904785
325.1154022216797
325.1863670349121
325.1863670349121
325.192081451416
325.2629814147949
325.2629814147949
325.2629814147949
325.2629814147949
325.192081451416
325.192081451416
325.12109756469727
325.192081451416
325.12109756469727
325.12109756469727
325.05004119873047
324.9724349975586
325.0453186035156
325.1221237182617
325.1221237182617
325.05104064941406
325.05104064941406
325.1221237182617
325.1221237182617
325.1221237182617
325.1221237182617
325.1221237182617
325.1221237182617
325.1221237182617
324.7985954284668
324.7985954284668
324.7985954284668
324.7985954284668
324.7985954284668
324.9411849975586
324.9411849975586
324.86994552612305
324.86994552612305
324.86994552612305
324.86994552612305
324.86994552612305
324.86994552612305
324.9411849975586
324.7985954284668
324.8670997619629
324.8670997619629
324.8670997619629
324.9441146850586
325.02676010131836
325.09787368774414
325.09787368774414
325.09787368774414
325.10359954833984
325.03245544433594
325.10359954833984
325.03245544433594
324.96124267578125
324.96124267578125
325.03245544433594
325.03245544433594
324.96124267578125
324.96124267578125
325.03245544433594
325.10359954833984
325.10359954833984
325.03245544433594
325.03245544433594
325.03245544433594
325.03245544433594
325.0354118347168
325.0354118347168
324.88010025024414
324.88010025024414
324.88010025024414
324.88010025024414
324.88010025024414
324.8023338317871
324.7309150695801
324.8023338317871
324.7309150695801
324.87366104125977
324.8023338317871
324.9449234008789
324.9449234008789
324.87366104125977
325.0160789489746
324.9449234008789
324.8023338317871
324.72447967529297
324.5621223449707
324.63369369506836
324.63369369506836
324.5621223449707
324.5621223449707
324.50930404663086
324.50930404663086
324.5028991699219
324.2746047973633
324.2682075500488
324.1898307800293
324.1898307800293
324.1898307800293
324.333740234375
324.333740234375
324.333740234375
324.333740234375
324.40557861328125
324.333740234375
324.40557861328125
324.333740234375
324.40557861328125
324.2618293762207
324.333740234375
324.333740234375
324.40557861328125
324.4773368835449
324.4773368835449
324.40557861328125
324.333740234375
324.333740234375
324.333740234375
324.3140335083008
324.3197021484375
324.3916015625
324.3916015625
324.24138259887695
324.31334686279297
324.31334686279297
324.31334686279297
324.38520431518555
324.38520431518555
324.31334686279297
324.38520431518555
324.617431640625
324.6946907043457
324.70037841796875
324.77185821533203
324.77185821533203
324.5571517944336
324.5571517944336
324.4854202270508
324.5571517944336
324.4854202270508
324.5571517944336
324.5571517944336
324.5571517944336
324.62881088256836
324.5571517944336
324.62881088256836
324.65673446655273
324.65673446655273
324.8111228942871
324.88819885253906
324.8168411254883
324.7453727722168
324.8168411254883
324.8168411254883
324.8168411254883
324.88819885253906
324.88819885253906
324.88819885253906
324.89389419555664
324.9651870727539
324.9651870727539
324.9651870727539
324.9651870727539
324.9651870727539
324.89389419555664
324.89389419555664
324.9651870727539
324.9651870727539
325.0478286743164
324.97662353515625
324.97662353515625
325.0244483947754
325.0955390930176
324.9468116760254
324.9468116760254
324.94034576416016
324.7134017944336
324.7069664001465
324.7069664001465
324.7069664001465
324.7069664001465
324.7069664001465
324.7069664001465
324.63544845581055
324.7005310058594
324.7005310058594
324.77197265625
324.7005310058594
324.7005310058594
324.7005310058594
324.7005310058594
324.6290168762207
324.7005310058594
324.7005310058594
324.6290168762207
324.66503143310547
324.66503143310547
324.66503143310547
0.0
0.0
0.0
0.0
0.0
0.0
324.5806198120117
324.43720626831055
324.50896072387695
324.43720626831055
324.43080139160156
324.35898208618164
324.5741958618164
324.7229766845703
324.877140045166
324.80578231811523
324.80578231811523
324.80578231811523
324.80578231811523
324.80578231811523
324.82557678222656
324.75418853759766
324.75418853759766
324.75418853759766
324.676326751709
324.676326751709
324.676326751709
324.74777603149414
324.74777603149414
324.74777603149414
324.89617919921875
324.89617919921875
324.89617919921875
324.8248596191406
324.89617919921875
324.8248596191406
0.0
0.0
0.0
0.0
0.0
324.8305473327637
324.9387741088867
324.9387741088867
324.9387741088867
325.0868377685547
325.0157012939453
324.94449615478516
324.9380569458008
324.9380569458008
324.9380569458008
324.86676025390625
324.86676025390625
324.8603286743164
324.8603286743164
324.7889404296875
324.7889404296875
324.8603286743164
324.8603286743164
324.8603286743164
324.8603286743164
324.8603286743164
324.7889404296875
324.8603286743164
324.8603286743164
324.9316215515137
324.9316215515137
324.9316215515137
324.8603286743164
324.8603286743164
324.8603286743164
324.9316215515137
324.94066619873047
325.01757049560547
324.9399299621582
324.9399299621582
325.01113510131836
325.01113510131836
324.9399299621582
325.01113510131836
325.01113510131836
325.164737701416
325.2414131164551
325.1704521179199
325.3180122375488
325.3180122375488
325.17617416381836
325.17617416381836
325.47097396850586
325.54734802246094
325.4824638366699
325.4824638366699
325.4117240905762
325.4824638366699
325.4824638366699
325.4824638366699
325.4117240905762
325.4117240905762
325.4117240905762
325.46573638916016
325.45928955078125
325.6118392944336
325.6118392944336
325.5413246154785
308.5100975036621
308.57772064208984
308.5100975036621
308.5100975036621
308.5100975036621
308.57772064208984
308.5100975036621
308.5100975036621
308.5488395690918
308.4526062011719
308.37768173217773
0.0
308.4457588195801
308.58113861083984
308.58113861083984
308.58113861083984
308.64842224121094
308.58113861083984
308.58113861083984
308.577335357666
308.57051849365234
308.57051849365234
308.5029602050781
308.57051849365234
308.5029602050781
308.57051849365234
308.57051849365234
308.57051849365234
308.57051849365234
308.57051849365234
308.5029602050781
308.5029602050781
308.57051849365234
308.57051849365234
308.5029602050781
308.5029602050781
308.4961357116699
308.4961357116699
308.4283027648926
308.42742919921875
308.43144607543945
308.3632278442383
308.43144607543945
308.43144607543945
308.3632278442383
308.43144607543945
308.3632278442383
308.43144607543945
308.3632278442383
308.43144607543945
308.43144607543945
308.43144607543945
308.49938201904297
308.5730400085449
308.5730400085449
308.50536346435547
308.4374084472656
308.4374084472656
308.4374084472656
308.51624298095703
308.50940322875977
308.50940322875977
308.50940322875977
308.6565628051758
308.6565628051758
308.6565628051758
308.6565628051758
308.58910369873047
308.58910369873047
308.49224853515625
308.56455993652344
308.56455993652344
308.56455993652344
308.56455993652344
308.56455993652344
308.6279830932617
308.69372940063477
308.69982528686523
308.7652702331543
308.7652702331543
308.8365020751953
308.8365020751953
308.8365020751953
308.8365020751953
308.842586517334
308.97807693481445
308.91351318359375
308.91351318359375
308.91351318359375
308.91351318359375
308.8486633300781
308.8486633300781
308.8486633300781
308.8486633300781
308.7834930419922
308.6522331237793
308.5065498352051
308.5065498352051
308.4999694824219
308.4999694824219
308.51608657836914
308.44964599609375
308.51608657836914
308.44964599609375
308.3027648925781
308.22232818603516
308.1481246948242
308.0054130554199
308.0054130554199
307.93038177490234
307.9988822937012
307.7794075012207
307.5443572998047
307.5443572998047
307.5443572998047
307.5443572998047
307.61424255371094
307.4741859436035
307.6838684082031
307.6838684082031
307.822265625
307.822265625
307.822265625
307.89104080200195
307.89104080200195
308.0277442932129
308.2136764526367
308.1913375854492
308.2587661743164
308.2648162841797
308.3319854736328
308.47752380371094
308.47752380371094
308.5498809814453
308.62192153930664
308.6936912536621
308.8362846374512
308.8423614501953
308.71186447143555
308.58011627197266
308.58011627197266
308.44713592529297
308.64613342285156
308.44713592529297
308.5137748718262
308.58011627197266
308.5137748718262
308.58011627197266
308.58011627197266
308.6912155151367
308.6796455383301
308.8223190307617
308.96380615234375
308.96380615234375
308.96380615234375
308.7693290710449
308.8992691040039
309.0340690612793
309.0340690612793
308.9053497314453
308.9053497314453
308.9053497314453
308.96986389160156
308.96986389160156
308.97593688964844
309.04014587402344
309.1040458679199
309.04014587402344
308.97593688964844
308.97593688964844
308.97593688964844
308.97593688964844
309.04014587402344
309.04014587402344
309.0898742675781
309.0898742675781
309.0201988220215
308.94943618774414
308.94943618774414
308.9428291320801
308.9428291320801
308.9428291320801
309.00703048706055
309.00703048706055
309.00703048706055
309.00703048706055
308.8783378601074
308.9428291320801
308.9428291320801
309.00703048706055
309.00703048706055
309.07093048095703
309.07093048095703
309.07093048095703
309.00703048706055
309.00703048706055
309.00703048706055
309.00703048706055
309.00703048706055
309.00703048706055
309.00648498535156
309.07641220092773
309.012508392334
309.08243560791016
309.0185317993164
309.08243560791016
309.08243560791016
308.9543228149414
309.0119743347168
309.0119743347168
309.0119743347168
309.0119743347168
308.9477653503418
308.9477653503418
308.9411811828613
308.9411811828613
309.0053939819336
309.0693130493164
309.21923446655273
